INFO 2018-01-07 09:46:12,432 [http-nio-9090-exec-9]  c.b.s.c.c.PropertyController.say 22 :acess
INFO 2018-01-07 09:49:28,406 [restartedMain]  c.b.s.c.Ch7Application.logStarting 48 :Starting Ch7Application on LAPTOP-HERAQ9KV with PID 28012 (E:\code-other\Spring-Boot-2.0-Samples\7_config\ch7.config\target\classes started by leosu in E:\code-other\Spring-Boot-2.0-Samples\7_config\ch7.config)
DEBUG 2018-01-07 09:49:28,410 [restartedMain]  c.b.s.c.Ch7Application.logStarting 51 :Running with Spring Boot v2.0.0.M7, Spring v5.0.2.RELEASE
INFO 2018-01-07 09:49:28,413 [restartedMain]  c.b.s.c.Ch7Application.logStartupProfileInfo 651 :No active profile set, falling back to default profiles: default
INFO 2018-01-07 09:49:28,481 [restartedMain]  o.s.b.w.s.c.AnnotationConfigServletWebServerApplicationContext.prepareRefresh 589 :Refreshing org.springframework.boot.web.servlet.context.AnnotationConfigServletWebServerApplicationContext@652bc3e2: startup date [Sun Jan 07 09:49:28 CST 2018]; root of context hierarchy
INFO 2018-01-07 09:49:29,747 [restartedMain]  o.h.v.i.e.ValidatorFactoryImpl.getTemporalValidationTolerance 575 :HV000238: Temporal validation tolerance set to 0.
INFO 2018-01-07 09:49:30,216 [restartedMain]  o.s.b.w.e.t.TomcatWebServer.initialize 89 :Tomcat initialized with port(s): 9090 (http)
INFO 2018-01-07 09:49:30,228 [restartedMain]  o.a.c.c.StandardService.log 179 :Starting service [Tomcat]
INFO 2018-01-07 09:49:30,230 [restartedMain]  o.a.c.c.StandardEngine.log 179 :Starting Servlet Engine: Apache Tomcat/8.5.23
INFO 2018-01-07 09:49:30,244 [localhost-startStop-1]  o.a.c.c.AprLifecycleListener.log 179 :The APR based Apache Tomcat Native library which allows optimal performance in production environments was not found on the java.library.path: [C:\Program Files\Java\jdk1.8.0_60\bin;C:\WINDOWS\Sun\Java\bin;C:\WINDOWS\system32;C:\WINDOWS;D:\Python27\;D:\Python27\Scripts;E:\app\leosu\product\11.2.0\dbhome_1\bin;C:\Program Files (x86)\Common Files\NetSarang;C:\Program Files\Java\jdk1.8.0_60\bin;D:\public_java\apache-maven-3.3.9\bin;D:\public_java\apache-ant-1.9.6\bin;D:\public_java\mysql-5.6.22-win32\bin;C:\ProgramData\Oracle\Java\javapath;C:\Program Files (x86)\Intel\iCLS Client\;C:\Program Files\Intel\iCLS Client\;C:\Program Files (x86)\Lenovo\FusionEngine;C:\Windows\system32;C:\Windows;C:\Windows\System32\Wbem;C:\Windows\System32\WindowsPowerShell\v1.0\;C:\Program Files (x86)\NVIDIA Corporation\PhysX\Common;C:\Program Files (x86)\Intel\Intel(R) Management Engine Components\DAL;C:\Program Files\Intel\Intel(R) Management Engine Components\DAL;C:\Program Files (x86)\Intel\Intel(R) Management Engine Components\IPT;C:\Program Files\Intel\Intel(R) Management Engine Components\IPT;C:\WINDOWS\system32;C:\WINDOWS;C:\WINDOWS\System32\Wbem;C:\WINDOWS\System32\WindowsPowerShell\v1.0\;E:\java_android_dev_etc\android-dev-platform-sdk\android-sdk\platform-tools;E:\java_android_dev_etc\android-dev-platform-sdk\android-sdk\tools;C:\Users\leosu\AppData\Roaming\Sublime Text 2\less.js-windows;E:\java_android_dev_etc\gradle-3.1\bin;D:\public_java\mysql\Redis-x64-3.2.100;C:\Program Files\Intel\WiFi\bin\;C:\Program Files\Common Files\Intel\WirelessCommon\;E:\Program Files\nodejs\;C:\WINDOWS\system32\config\systemprofile\.dnx\bin;C:\Program Files\Microsoft DNX\Dnvm\;E:\Program Files (x86)\Microsoft SQL Server\100\Tools\Binn\;E:\Program Files\Microsoft SQL Server\100\Tools\Binn\;E:\Program Files\Microsoft SQL Server\100\DTS\Binn\;E:\Program Files (x86)\Microsoft SQL Server\100\Tools\Binn\VSShell\Common7\IDE\;C:\Program Files (x86)\Microsoft Visual Studio 9.0\Common7\IDE\PrivateAssemblies\;E:\Program Files (x86)\Microsoft SQL Server\100\DTS\Binn\;C:\Program Files\TortoiseGit\bin;C:\Ruby23-x64\bin;C:\Program Files (x86)\SSH Communications Security\SSH Secure Shell;C:\Users\leosu\AppData\Local\Microsoft\WindowsApps;C:\Users\leosu\AppData\Roaming\npm;.]
INFO 2018-01-07 09:49:30,324 [localhost-startStop-1]  o.a.c.c.C.[.[.[/config].log 179 :Initializing Spring embedded WebApplicationContext
INFO 2018-01-07 09:49:30,324 [localhost-startStop-1]  o.s.w.c.ContextLoader.prepareWebApplicationContext 283 :Root WebApplicationContext: initialization completed in 1844 ms
INFO 2018-01-07 09:49:30,464 [localhost-startStop-1]  o.s.b.w.s.ServletRegistrationBean.onStartup 191 :Mapping servlet: 'dispatcherServlet' to [/]
INFO 2018-01-07 09:49:30,470 [localhost-startStop-1]  o.s.b.w.s.FilterRegistrationBean.configure 251 :Mapping filter: 'characterEncodingFilter' to: [/*]
INFO 2018-01-07 09:49:30,471 [localhost-startStop-1]  o.s.b.w.s.FilterRegistrationBean.configure 251 :Mapping filter: 'hiddenHttpMethodFilter' to: [/*]
INFO 2018-01-07 09:49:30,471 [localhost-startStop-1]  o.s.b.w.s.FilterRegistrationBean.configure 251 :Mapping filter: 'httpPutFormContentFilter' to: [/*]
INFO 2018-01-07 09:49:30,472 [localhost-startStop-1]  o.s.b.w.s.FilterRegistrationBean.configure 251 :Mapping filter: 'requestContextFilter' to: [/*]
INFO 2018-01-07 09:49:30,647 [restartedMain]  o.h.v.i.e.ValidatorFactoryImpl.getTemporalValidationTolerance 575 :HV000238: Temporal validation tolerance set to 0.
INFO 2018-01-07 09:49:30,802 [restartedMain]  o.s.w.s.m.m.a.RequestMappingHandlerAdapter.initControllerAdviceCache 568 :Looking for @ControllerAdvice: org.springframework.boot.web.servlet.context.AnnotationConfigServletWebServerApplicationContext@652bc3e2: startup date [Sun Jan 07 09:49:28 CST 2018]; root of context hierarchy
INFO 2018-01-07 09:49:30,876 [restartedMain]  o.s.w.s.m.m.a.RequestMappingHandlerMapping.register 549 :Mapped "{[/showvalue.html]}" onto public java.lang.String com.bee.sample.ch7.controller.PropertyController.value(int)
INFO 2018-01-07 09:49:30,877 [restartedMain]  o.s.w.s.m.m.a.RequestMappingHandlerMapping.register 549 :Mapped "{[/showserver.html]}" onto public java.lang.String com.bee.sample.ch7.controller.PropertyController.value()
INFO 2018-01-07 09:49:30,878 [restartedMain]  o.s.w.s.m.m.a.RequestMappingHandlerMapping.register 549 :Mapped "{[/showenv.html]}" onto public java.lang.String com.bee.sample.ch7.controller.PropertyController.env()
INFO 2018-01-07 09:49:30,878 [restartedMain]  o.s.w.s.m.m.a.RequestMappingHandlerMapping.register 549 :Mapped "{[/sayhello.html]}" onto public java.lang.String com.bee.sample.ch7.controller.PropertyController.say()
INFO 2018-01-07 09:49:30,885 [restartedMain]  o.s.w.s.m.m.a.RequestMappingHandlerMapping.register 549 :Mapped "{[/error]}" onto public org.springframework.http.ResponseEntity<java.util.Map<java.lang.String, java.lang.Object>> org.springframework.boot.autoconfigure.web.servlet.error.BasicErrorController.error(javax.servlet.http.HttpServletRequest)
INFO 2018-01-07 09:49:30,886 [restartedMain]  o.s.w.s.m.m.a.RequestMappingHandlerMapping.register 549 :Mapped "{[/error],produces=[text/html]}" onto public org.springframework.web.servlet.ModelAndView org.springframework.boot.autoconfigure.web.servlet.error.BasicErrorController.errorHtml(javax.servlet.http.HttpServletRequest,javax.servlet.http.HttpServletResponse)
INFO 2018-01-07 09:49:30,918 [restartedMain]  o.s.w.s.h.SimpleUrlHandlerMapping.registerHandler 373 :Mapped URL path [/webjars/**] onto handler of type [class org.springframework.web.servlet.resource.ResourceHttpRequestHandler]
INFO 2018-01-07 09:49:30,919 [restartedMain]  o.s.w.s.h.SimpleUrlHandlerMapping.registerHandler 373 :Mapped URL path [/**] onto handler of type [class org.springframework.web.servlet.resource.ResourceHttpRequestHandler]
INFO 2018-01-07 09:49:30,960 [restartedMain]  o.s.w.s.h.SimpleUrlHandlerMapping.registerHandler 373 :Mapped URL path [/**/favicon.ico] onto handler of type [class org.springframework.web.servlet.resource.ResourceHttpRequestHandler]
INFO 2018-01-07 09:49:30,982 [restartedMain]  o.s.b.a.w.s.WelcomePageHandlerMapping.<init> 52 :Adding welcome page: class path resource [static/index.html]
INFO 2018-01-07 09:49:31,078 [restartedMain]  o.s.b.d.a.OptionalLiveReloadServer.startServer 57 :LiveReload server is running on port 35729
INFO 2018-01-07 09:49:31,154 [restartedMain]  o.s.j.e.a.AnnotationMBeanExporter.afterSingletonsInstantiated 434 :Registering beans for JMX exposure on startup
INFO 2018-01-07 09:49:31,213 [restartedMain]  o.s.b.w.e.t.TomcatWebServer.start 197 :Tomcat started on port(s): 9090 (http) with context path '/config'
INFO 2018-01-07 09:49:31,217 [restartedMain]  c.b.s.c.Ch7Application.logStarted 57 :Started Ch7Application in 3.217 seconds (JVM running for 3.775)
INFO 2018-01-07 09:49:35,907 [http-nio-9090-exec-1]  o.a.c.c.C.[.[.[/config].log 179 :Initializing Spring FrameworkServlet 'dispatcherServlet'
INFO 2018-01-07 09:49:35,908 [http-nio-9090-exec-1]  o.s.w.s.DispatcherServlet.initServletBean 494 :FrameworkServlet 'dispatcherServlet': initialization started
INFO 2018-01-07 09:49:35,925 [http-nio-9090-exec-1]  o.s.w.s.DispatcherServlet.initServletBean 513 :FrameworkServlet 'dispatcherServlet': initialization completed in 17 ms
INFO 2018-01-07 09:50:18,112 [restartedMain]  c.b.s.c.Ch7Application.logStarting 48 :Starting Ch7Application on LAPTOP-HERAQ9KV with PID 18820 (E:\code-other\Spring-Boot-2.0-Samples\7_config\ch7.config\target\classes started by leosu in E:\code-other\Spring-Boot-2.0-Samples\7_config\ch7.config)
DEBUG 2018-01-07 09:50:18,114 [restartedMain]  c.b.s.c.Ch7Application.logStarting 51 :Running with Spring Boot v2.0.0.M7, Spring v5.0.2.RELEASE
INFO 2018-01-07 09:50:18,117 [restartedMain]  c.b.s.c.Ch7Application.logStartupProfileInfo 651 :No active profile set, falling back to default profiles: default
INFO 2018-01-07 09:50:18,176 [restartedMain]  o.s.b.w.s.c.AnnotationConfigServletWebServerApplicationContext.prepareRefresh 589 :Refreshing org.springframework.boot.web.servlet.context.AnnotationConfigServletWebServerApplicationContext@1274f958: startup date [Sun Jan 07 09:50:18 CST 2018]; root of context hierarchy
INFO 2018-01-07 09:50:19,485 [restartedMain]  o.h.v.i.e.ValidatorFactoryImpl.getTemporalValidationTolerance 575 :HV000238: Temporal validation tolerance set to 0.
INFO 2018-01-07 09:50:19,960 [restartedMain]  o.s.b.w.e.t.TomcatWebServer.initialize 89 :Tomcat initialized with port(s): 9090 (http)
INFO 2018-01-07 09:50:19,975 [restartedMain]  o.a.c.c.StandardService.log 179 :Starting service [Tomcat]
INFO 2018-01-07 09:50:19,977 [restartedMain]  o.a.c.c.StandardEngine.log 179 :Starting Servlet Engine: Apache Tomcat/8.5.23
INFO 2018-01-07 09:50:19,996 [localhost-startStop-1]  o.a.c.c.AprLifecycleListener.log 179 :The APR based Apache Tomcat Native library which allows optimal performance in production environments was not found on the java.library.path: [C:\Program Files\Java\jdk1.8.0_60\bin;C:\WINDOWS\Sun\Java\bin;C:\WINDOWS\system32;C:\WINDOWS;D:\Python27\;D:\Python27\Scripts;E:\app\leosu\product\11.2.0\dbhome_1\bin;C:\Program Files (x86)\Common Files\NetSarang;C:\Program Files\Java\jdk1.8.0_60\bin;D:\public_java\apache-maven-3.3.9\bin;D:\public_java\apache-ant-1.9.6\bin;D:\public_java\mysql-5.6.22-win32\bin;C:\ProgramData\Oracle\Java\javapath;C:\Program Files (x86)\Intel\iCLS Client\;C:\Program Files\Intel\iCLS Client\;C:\Program Files (x86)\Lenovo\FusionEngine;C:\Windows\system32;C:\Windows;C:\Windows\System32\Wbem;C:\Windows\System32\WindowsPowerShell\v1.0\;C:\Program Files (x86)\NVIDIA Corporation\PhysX\Common;C:\Program Files (x86)\Intel\Intel(R) Management Engine Components\DAL;C:\Program Files\Intel\Intel(R) Management Engine Components\DAL;C:\Program Files (x86)\Intel\Intel(R) Management Engine Components\IPT;C:\Program Files\Intel\Intel(R) Management Engine Components\IPT;C:\WINDOWS\system32;C:\WINDOWS;C:\WINDOWS\System32\Wbem;C:\WINDOWS\System32\WindowsPowerShell\v1.0\;E:\java_android_dev_etc\android-dev-platform-sdk\android-sdk\platform-tools;E:\java_android_dev_etc\android-dev-platform-sdk\android-sdk\tools;C:\Users\leosu\AppData\Roaming\Sublime Text 2\less.js-windows;E:\java_android_dev_etc\gradle-3.1\bin;D:\public_java\mysql\Redis-x64-3.2.100;C:\Program Files\Intel\WiFi\bin\;C:\Program Files\Common Files\Intel\WirelessCommon\;E:\Program Files\nodejs\;C:\WINDOWS\system32\config\systemprofile\.dnx\bin;C:\Program Files\Microsoft DNX\Dnvm\;E:\Program Files (x86)\Microsoft SQL Server\100\Tools\Binn\;E:\Program Files\Microsoft SQL Server\100\Tools\Binn\;E:\Program Files\Microsoft SQL Server\100\DTS\Binn\;E:\Program Files (x86)\Microsoft SQL Server\100\Tools\Binn\VSShell\Common7\IDE\;C:\Program Files (x86)\Microsoft Visual Studio 9.0\Common7\IDE\PrivateAssemblies\;E:\Program Files (x86)\Microsoft SQL Server\100\DTS\Binn\;C:\Program Files\TortoiseGit\bin;C:\Ruby23-x64\bin;C:\Program Files (x86)\SSH Communications Security\SSH Secure Shell;C:\Users\leosu\AppData\Local\Microsoft\WindowsApps;C:\Users\leosu\AppData\Roaming\npm;.]
INFO 2018-01-07 09:50:20,089 [localhost-startStop-1]  o.a.c.c.C.[.[.[/config].log 179 :Initializing Spring embedded WebApplicationContext
INFO 2018-01-07 09:50:20,089 [localhost-startStop-1]  o.s.w.c.ContextLoader.prepareWebApplicationContext 283 :Root WebApplicationContext: initialization completed in 1913 ms
INFO 2018-01-07 09:50:20,231 [localhost-startStop-1]  o.s.b.w.s.ServletRegistrationBean.onStartup 191 :Mapping servlet: 'dispatcherServlet' to [/]
INFO 2018-01-07 09:50:20,236 [localhost-startStop-1]  o.s.b.w.s.FilterRegistrationBean.configure 251 :Mapping filter: 'characterEncodingFilter' to: [/*]
INFO 2018-01-07 09:50:20,237 [localhost-startStop-1]  o.s.b.w.s.FilterRegistrationBean.configure 251 :Mapping filter: 'hiddenHttpMethodFilter' to: [/*]
INFO 2018-01-07 09:50:20,237 [localhost-startStop-1]  o.s.b.w.s.FilterRegistrationBean.configure 251 :Mapping filter: 'httpPutFormContentFilter' to: [/*]
INFO 2018-01-07 09:50:20,237 [localhost-startStop-1]  o.s.b.w.s.FilterRegistrationBean.configure 251 :Mapping filter: 'requestContextFilter' to: [/*]
INFO 2018-01-07 09:50:20,425 [restartedMain]  o.h.v.i.e.ValidatorFactoryImpl.getTemporalValidationTolerance 575 :HV000238: Temporal validation tolerance set to 0.
INFO 2018-01-07 09:50:20,601 [restartedMain]  o.s.w.s.m.m.a.RequestMappingHandlerAdapter.initControllerAdviceCache 568 :Looking for @ControllerAdvice: org.springframework.boot.web.servlet.context.AnnotationConfigServletWebServerApplicationContext@1274f958: startup date [Sun Jan 07 09:50:18 CST 2018]; root of context hierarchy
INFO 2018-01-07 09:50:20,682 [restartedMain]  o.s.w.s.m.m.a.RequestMappingHandlerMapping.register 549 :Mapped "{[/showvalue.html]}" onto public java.lang.String com.bee.sample.ch7.controller.PropertyController.value(int)
INFO 2018-01-07 09:50:20,683 [restartedMain]  o.s.w.s.m.m.a.RequestMappingHandlerMapping.register 549 :Mapped "{[/showserver.html]}" onto public java.lang.String com.bee.sample.ch7.controller.PropertyController.value()
INFO 2018-01-07 09:50:20,684 [restartedMain]  o.s.w.s.m.m.a.RequestMappingHandlerMapping.register 549 :Mapped "{[/showenv.html]}" onto public java.lang.String com.bee.sample.ch7.controller.PropertyController.env()
INFO 2018-01-07 09:50:20,684 [restartedMain]  o.s.w.s.m.m.a.RequestMappingHandlerMapping.register 549 :Mapped "{[/sayhello.html]}" onto public java.lang.String com.bee.sample.ch7.controller.PropertyController.say()
INFO 2018-01-07 09:50:20,688 [restartedMain]  o.s.w.s.m.m.a.RequestMappingHandlerMapping.register 549 :Mapped "{[/error]}" onto public org.springframework.http.ResponseEntity<java.util.Map<java.lang.String, java.lang.Object>> org.springframework.boot.autoconfigure.web.servlet.error.BasicErrorController.error(javax.servlet.http.HttpServletRequest)
INFO 2018-01-07 09:50:20,689 [restartedMain]  o.s.w.s.m.m.a.RequestMappingHandlerMapping.register 549 :Mapped "{[/error],produces=[text/html]}" onto public org.springframework.web.servlet.ModelAndView org.springframework.boot.autoconfigure.web.servlet.error.BasicErrorController.errorHtml(javax.servlet.http.HttpServletRequest,javax.servlet.http.HttpServletResponse)
INFO 2018-01-07 09:50:20,734 [restartedMain]  o.s.w.s.h.SimpleUrlHandlerMapping.registerHandler 373 :Mapped URL path [/webjars/**] onto handler of type [class org.springframework.web.servlet.resource.ResourceHttpRequestHandler]
INFO 2018-01-07 09:50:20,735 [restartedMain]  o.s.w.s.h.SimpleUrlHandlerMapping.registerHandler 373 :Mapped URL path [/**] onto handler of type [class org.springframework.web.servlet.resource.ResourceHttpRequestHandler]
INFO 2018-01-07 09:50:20,773 [restartedMain]  o.s.w.s.h.SimpleUrlHandlerMapping.registerHandler 373 :Mapped URL path [/**/favicon.ico] onto handler of type [class org.springframework.web.servlet.resource.ResourceHttpRequestHandler]
INFO 2018-01-07 09:50:20,796 [restartedMain]  o.s.b.a.w.s.WelcomePageHandlerMapping.<init> 52 :Adding welcome page: class path resource [static/index.html]
INFO 2018-01-07 09:50:20,927 [restartedMain]  o.s.b.d.a.OptionalLiveReloadServer.startServer 57 :LiveReload server is running on port 35729
INFO 2018-01-07 09:50:20,990 [restartedMain]  o.s.j.e.a.AnnotationMBeanExporter.afterSingletonsInstantiated 434 :Registering beans for JMX exposure on startup
INFO 2018-01-07 09:50:21,048 [restartedMain]  o.s.b.w.e.t.TomcatWebServer.start 197 :Tomcat started on port(s): 9090 (http) with context path '/config'
INFO 2018-01-07 09:50:21,051 [restartedMain]  c.b.s.c.Ch7Application.logStarted 57 :Started Ch7Application in 3.351 seconds (JVM running for 3.906)
INFO 2018-01-07 09:50:24,769 [http-nio-9090-exec-1]  o.a.c.c.C.[.[.[/config].log 179 :Initializing Spring FrameworkServlet 'dispatcherServlet'
INFO 2018-01-07 09:50:24,769 [http-nio-9090-exec-1]  o.s.w.s.DispatcherServlet.initServletBean 494 :FrameworkServlet 'dispatcherServlet': initialization started
INFO 2018-01-07 09:50:24,789 [http-nio-9090-exec-1]  o.s.w.s.DispatcherServlet.initServletBean 513 :FrameworkServlet 'dispatcherServlet': initialization completed in 20 ms
INFO 2018-01-07 09:56:49,659 [Thread-6]  o.s.b.w.s.c.AnnotationConfigServletWebServerApplicationContext.doClose 989 :Closing org.springframework.boot.web.servlet.context.AnnotationConfigServletWebServerApplicationContext@1274f958: startup date [Sun Jan 07 09:50:18 CST 2018]; root of context hierarchy
INFO 2018-01-07 09:56:49,662 [Thread-6]  o.s.j.e.a.AnnotationMBeanExporter.destroy 452 :Unregistering JMX-exposed beans on shutdown
INFO 2018-01-07 09:56:50,081 [restartedMain]  c.b.s.c.Ch7Application.logStarting 48 :Starting Ch7Application on LAPTOP-HERAQ9KV with PID 18820 (E:\code-other\Spring-Boot-2.0-Samples\7_config\ch7.config\target\classes started by leosu in E:\code-other\Spring-Boot-2.0-Samples\7_config\ch7.config)
DEBUG 2018-01-07 09:56:50,081 [restartedMain]  c.b.s.c.Ch7Application.logStarting 51 :Running with Spring Boot v2.0.0.M7, Spring v5.0.2.RELEASE
INFO 2018-01-07 09:56:50,082 [restartedMain]  c.b.s.c.Ch7Application.logStartupProfileInfo 651 :No active profile set, falling back to default profiles: default
INFO 2018-01-07 09:56:50,085 [restartedMain]  o.s.b.w.s.c.AnnotationConfigServletWebServerApplicationContext.prepareRefresh 589 :Refreshing org.springframework.boot.web.servlet.context.AnnotationConfigServletWebServerApplicationContext@31448f93: startup date [Sun Jan 07 09:56:50 CST 2018]; root of context hierarchy
INFO 2018-01-07 09:56:50,461 [restartedMain]  o.h.v.i.e.ValidatorFactoryImpl.getTemporalValidationTolerance 575 :HV000238: Temporal validation tolerance set to 0.
INFO 2018-01-07 09:56:50,522 [restartedMain]  o.s.b.w.e.t.TomcatWebServer.initialize 89 :Tomcat initialized with port(s): 9090 (http)
INFO 2018-01-07 09:56:50,524 [restartedMain]  o.a.c.c.StandardService.log 179 :Starting service [Tomcat]
INFO 2018-01-07 09:56:50,524 [restartedMain]  o.a.c.c.StandardEngine.log 179 :Starting Servlet Engine: Apache Tomcat/8.5.23
INFO 2018-01-07 09:56:50,539 [localhost-startStop-1]  o.a.c.c.C.[.[.[/config].log 179 :Initializing Spring embedded WebApplicationContext
INFO 2018-01-07 09:56:50,540 [localhost-startStop-1]  o.s.w.c.ContextLoader.prepareWebApplicationContext 283 :Root WebApplicationContext: initialization completed in 455 ms
INFO 2018-01-07 09:56:50,562 [localhost-startStop-1]  o.s.b.w.s.ServletRegistrationBean.onStartup 191 :Mapping servlet: 'dispatcherServlet' to [/]
INFO 2018-01-07 09:56:50,563 [localhost-startStop-1]  o.s.b.w.s.FilterRegistrationBean.configure 251 :Mapping filter: 'characterEncodingFilter' to: [/*]
INFO 2018-01-07 09:56:50,563 [localhost-startStop-1]  o.s.b.w.s.FilterRegistrationBean.configure 251 :Mapping filter: 'hiddenHttpMethodFilter' to: [/*]
INFO 2018-01-07 09:56:50,563 [localhost-startStop-1]  o.s.b.w.s.FilterRegistrationBean.configure 251 :Mapping filter: 'httpPutFormContentFilter' to: [/*]
INFO 2018-01-07 09:56:50,564 [localhost-startStop-1]  o.s.b.w.s.FilterRegistrationBean.configure 251 :Mapping filter: 'requestContextFilter' to: [/*]
INFO 2018-01-07 09:56:50,608 [restartedMain]  o.h.v.i.e.ValidatorFactoryImpl.getTemporalValidationTolerance 575 :HV000238: Temporal validation tolerance set to 0.
INFO 2018-01-07 09:56:50,647 [restartedMain]  o.s.w.s.m.m.a.RequestMappingHandlerAdapter.initControllerAdviceCache 568 :Looking for @ControllerAdvice: org.springframework.boot.web.servlet.context.AnnotationConfigServletWebServerApplicationContext@31448f93: startup date [Sun Jan 07 09:56:50 CST 2018]; root of context hierarchy
INFO 2018-01-07 09:56:50,654 [restartedMain]  o.s.w.s.m.m.a.RequestMappingHandlerMapping.register 549 :Mapped "{[/showvalue.html]}" onto public java.lang.String com.bee.sample.ch7.controller.PropertyController.value(int)
INFO 2018-01-07 09:56:50,655 [restartedMain]  o.s.w.s.m.m.a.RequestMappingHandlerMapping.register 549 :Mapped "{[/showserver.html]}" onto public java.lang.String com.bee.sample.ch7.controller.PropertyController.value()
INFO 2018-01-07 09:56:50,655 [restartedMain]  o.s.w.s.m.m.a.RequestMappingHandlerMapping.register 549 :Mapped "{[/showenv.html]}" onto public java.lang.String com.bee.sample.ch7.controller.PropertyController.env()
INFO 2018-01-07 09:56:50,655 [restartedMain]  o.s.w.s.m.m.a.RequestMappingHandlerMapping.register 549 :Mapped "{[/sayhello.html]}" onto public java.lang.String com.bee.sample.ch7.controller.PropertyController.say()
INFO 2018-01-07 09:56:50,658 [restartedMain]  o.s.w.s.m.m.a.RequestMappingHandlerMapping.register 549 :Mapped "{[/error]}" onto public org.springframework.http.ResponseEntity<java.util.Map<java.lang.String, java.lang.Object>> org.springframework.boot.autoconfigure.web.servlet.error.BasicErrorController.error(javax.servlet.http.HttpServletRequest)
INFO 2018-01-07 09:56:50,659 [restartedMain]  o.s.w.s.m.m.a.RequestMappingHandlerMapping.register 549 :Mapped "{[/error],produces=[text/html]}" onto public org.springframework.web.servlet.ModelAndView org.springframework.boot.autoconfigure.web.servlet.error.BasicErrorController.errorHtml(javax.servlet.http.HttpServletRequest,javax.servlet.http.HttpServletResponse)
INFO 2018-01-07 09:56:50,667 [restartedMain]  o.s.w.s.h.SimpleUrlHandlerMapping.registerHandler 373 :Mapped URL path [/webjars/**] onto handler of type [class org.springframework.web.servlet.resource.ResourceHttpRequestHandler]
INFO 2018-01-07 09:56:50,667 [restartedMain]  o.s.w.s.h.SimpleUrlHandlerMapping.registerHandler 373 :Mapped URL path [/**] onto handler of type [class org.springframework.web.servlet.resource.ResourceHttpRequestHandler]
INFO 2018-01-07 09:56:50,681 [restartedMain]  o.s.w.s.h.SimpleUrlHandlerMapping.registerHandler 373 :Mapped URL path [/**/favicon.ico] onto handler of type [class org.springframework.web.servlet.resource.ResourceHttpRequestHandler]
INFO 2018-01-07 09:56:50,684 [restartedMain]  o.s.b.a.w.s.WelcomePageHandlerMapping.<init> 52 :Adding welcome page: class path resource [static/index.html]
INFO 2018-01-07 09:56:50,706 [restartedMain]  o.s.b.d.a.OptionalLiveReloadServer.startServer 57 :LiveReload server is running on port 35729
INFO 2018-01-07 09:56:50,756 [restartedMain]  o.s.j.e.a.AnnotationMBeanExporter.afterSingletonsInstantiated 434 :Registering beans for JMX exposure on startup
INFO 2018-01-07 09:56:50,773 [restartedMain]  o.s.b.w.e.t.TomcatWebServer.start 197 :Tomcat started on port(s): 9090 (http) with context path '/config'
INFO 2018-01-07 09:56:50,777 [restartedMain]  o.s.b.d.a.ConditionEvaluationDeltaLoggingListener.onApplicationEvent 54 :Condition evaluation unchanged
INFO 2018-01-07 09:56:50,777 [restartedMain]  c.b.s.c.Ch7Application.logStarted 57 :Started Ch7Application in 0.769 seconds (JVM running for 393.633)
INFO 2018-01-07 10:52:58,503 [http-nio-9090-exec-8]  o.a.c.c.C.[.[.[/config].log 179 :Initializing Spring FrameworkServlet 'dispatcherServlet'
INFO 2018-01-07 10:52:58,503 [http-nio-9090-exec-8]  o.s.w.s.DispatcherServlet.initServletBean 494 :FrameworkServlet 'dispatcherServlet': initialization started
INFO 2018-01-07 10:52:58,510 [http-nio-9090-exec-8]  o.s.w.s.DispatcherServlet.initServletBean 513 :FrameworkServlet 'dispatcherServlet': initialization completed in 7 ms
INFO 2018-01-07 10:53:41,457 [Thread-10]  o.s.b.w.s.c.AnnotationConfigServletWebServerApplicationContext.doClose 989 :Closing org.springframework.boot.web.servlet.context.AnnotationConfigServletWebServerApplicationContext@31448f93: startup date [Sun Jan 07 09:56:50 CST 2018]; root of context hierarchy
INFO 2018-01-07 10:53:41,458 [Thread-10]  o.s.j.e.a.AnnotationMBeanExporter.destroy 452 :Unregistering JMX-exposed beans on shutdown
INFO 2018-01-07 10:53:41,844 [restartedMain]  c.b.s.c.Ch7Application.logStarting 48 :Starting Ch7Application on LAPTOP-HERAQ9KV with PID 18820 (E:\code-other\Spring-Boot-2.0-Samples\7_config\ch7.config\target\classes started by leosu in E:\code-other\Spring-Boot-2.0-Samples\7_config\ch7.config)
DEBUG 2018-01-07 10:53:41,844 [restartedMain]  c.b.s.c.Ch7Application.logStarting 51 :Running with Spring Boot v2.0.0.M7, Spring v5.0.2.RELEASE
INFO 2018-01-07 10:53:41,845 [restartedMain]  c.b.s.c.Ch7Application.logStartupProfileInfo 651 :No active profile set, falling back to default profiles: default
INFO 2018-01-07 10:53:41,848 [restartedMain]  o.s.b.w.s.c.AnnotationConfigServletWebServerApplicationContext.prepareRefresh 589 :Refreshing org.springframework.boot.web.servlet.context.AnnotationConfigServletWebServerApplicationContext@1db3011c: startup date [Sun Jan 07 10:53:41 CST 2018]; root of context hierarchy
INFO 2018-01-07 10:53:42,365 [restartedMain]  o.h.v.i.e.ValidatorFactoryImpl.getTemporalValidationTolerance 575 :HV000238: Temporal validation tolerance set to 0.
INFO 2018-01-07 10:53:42,427 [restartedMain]  o.s.b.w.e.t.TomcatWebServer.initialize 89 :Tomcat initialized with port(s): 9090 (http)
INFO 2018-01-07 10:53:42,428 [restartedMain]  o.a.c.c.StandardService.log 179 :Starting service [Tomcat]
INFO 2018-01-07 10:53:42,428 [restartedMain]  o.a.c.c.StandardEngine.log 179 :Starting Servlet Engine: Apache Tomcat/8.5.23
INFO 2018-01-07 10:53:42,443 [localhost-startStop-1]  o.a.c.c.C.[.[.[/config].log 179 :Initializing Spring embedded WebApplicationContext
INFO 2018-01-07 10:53:42,445 [localhost-startStop-1]  o.s.w.c.ContextLoader.prepareWebApplicationContext 283 :Root WebApplicationContext: initialization completed in 597 ms
INFO 2018-01-07 10:53:42,467 [localhost-startStop-1]  o.s.b.w.s.ServletRegistrationBean.onStartup 191 :Mapping servlet: 'dispatcherServlet' to [/]
INFO 2018-01-07 10:53:42,468 [localhost-startStop-1]  o.s.b.w.s.FilterRegistrationBean.configure 251 :Mapping filter: 'characterEncodingFilter' to: [/*]
INFO 2018-01-07 10:53:42,468 [localhost-startStop-1]  o.s.b.w.s.FilterRegistrationBean.configure 251 :Mapping filter: 'hiddenHttpMethodFilter' to: [/*]
INFO 2018-01-07 10:53:42,468 [localhost-startStop-1]  o.s.b.w.s.FilterRegistrationBean.configure 251 :Mapping filter: 'httpPutFormContentFilter' to: [/*]
INFO 2018-01-07 10:53:42,468 [localhost-startStop-1]  o.s.b.w.s.FilterRegistrationBean.configure 251 :Mapping filter: 'requestContextFilter' to: [/*]
INFO 2018-01-07 10:53:42,508 [restartedMain]  o.h.v.i.e.ValidatorFactoryImpl.getTemporalValidationTolerance 575 :HV000238: Temporal validation tolerance set to 0.
INFO 2018-01-07 10:53:42,543 [restartedMain]  o.s.w.s.m.m.a.RequestMappingHandlerAdapter.initControllerAdviceCache 568 :Looking for @ControllerAdvice: org.springframework.boot.web.servlet.context.AnnotationConfigServletWebServerApplicationContext@1db3011c: startup date [Sun Jan 07 10:53:41 CST 2018]; root of context hierarchy
INFO 2018-01-07 10:53:42,548 [restartedMain]  o.s.w.s.m.m.a.RequestMappingHandlerMapping.register 549 :Mapped "{[/showvalue.html]}" onto public java.lang.String com.bee.sample.ch7.controller.PropertyController.value(int)
INFO 2018-01-07 10:53:42,549 [restartedMain]  o.s.w.s.m.m.a.RequestMappingHandlerMapping.register 549 :Mapped "{[/showserver.html]}" onto public java.lang.String com.bee.sample.ch7.controller.PropertyController.value()
INFO 2018-01-07 10:53:42,549 [restartedMain]  o.s.w.s.m.m.a.RequestMappingHandlerMapping.register 549 :Mapped "{[/showenv.html]}" onto public java.lang.String com.bee.sample.ch7.controller.PropertyController.env()
INFO 2018-01-07 10:53:42,550 [restartedMain]  o.s.w.s.m.m.a.RequestMappingHandlerMapping.register 549 :Mapped "{[/sayhello.html]}" onto public java.lang.String com.bee.sample.ch7.controller.PropertyController.say()
INFO 2018-01-07 10:53:42,552 [restartedMain]  o.s.w.s.m.m.a.RequestMappingHandlerMapping.register 549 :Mapped "{[/error]}" onto public org.springframework.http.ResponseEntity<java.util.Map<java.lang.String, java.lang.Object>> org.springframework.boot.autoconfigure.web.servlet.error.BasicErrorController.error(javax.servlet.http.HttpServletRequest)
INFO 2018-01-07 10:53:42,552 [restartedMain]  o.s.w.s.m.m.a.RequestMappingHandlerMapping.register 549 :Mapped "{[/error],produces=[text/html]}" onto public org.springframework.web.servlet.ModelAndView org.springframework.boot.autoconfigure.web.servlet.error.BasicErrorController.errorHtml(javax.servlet.http.HttpServletRequest,javax.servlet.http.HttpServletResponse)
INFO 2018-01-07 10:53:42,558 [restartedMain]  o.s.w.s.h.SimpleUrlHandlerMapping.registerHandler 373 :Mapped URL path [/webjars/**] onto handler of type [class org.springframework.web.servlet.resource.ResourceHttpRequestHandler]
INFO 2018-01-07 10:53:42,559 [restartedMain]  o.s.w.s.h.SimpleUrlHandlerMapping.registerHandler 373 :Mapped URL path [/**] onto handler of type [class org.springframework.web.servlet.resource.ResourceHttpRequestHandler]
INFO 2018-01-07 10:53:42,569 [restartedMain]  o.s.w.s.h.SimpleUrlHandlerMapping.registerHandler 373 :Mapped URL path [/**/favicon.ico] onto handler of type [class org.springframework.web.servlet.resource.ResourceHttpRequestHandler]
INFO 2018-01-07 10:53:42,574 [restartedMain]  o.s.b.a.w.s.WelcomePageHandlerMapping.<init> 52 :Adding welcome page: class path resource [static/index.html]
INFO 2018-01-07 10:53:42,591 [restartedMain]  o.s.b.d.a.OptionalLiveReloadServer.startServer 57 :LiveReload server is running on port 35729
INFO 2018-01-07 10:53:42,641 [restartedMain]  o.s.j.e.a.AnnotationMBeanExporter.afterSingletonsInstantiated 434 :Registering beans for JMX exposure on startup
INFO 2018-01-07 10:53:42,663 [restartedMain]  o.s.b.w.e.t.TomcatWebServer.start 197 :Tomcat started on port(s): 9090 (http) with context path '/config'
INFO 2018-01-07 10:53:42,665 [restartedMain]  o.s.b.d.a.ConditionEvaluationDeltaLoggingListener.onApplicationEvent 54 :Condition evaluation unchanged
INFO 2018-01-07 10:53:42,665 [restartedMain]  c.b.s.c.Ch7Application.logStarted 57 :Started Ch7Application in 0.866 seconds (JVM running for 3805.522)
INFO 2018-01-07 10:53:50,869 [http-nio-9090-exec-1]  o.a.c.c.C.[.[.[/config].log 179 :Initializing Spring FrameworkServlet 'dispatcherServlet'
INFO 2018-01-07 10:53:50,870 [http-nio-9090-exec-1]  o.s.w.s.DispatcherServlet.initServletBean 494 :FrameworkServlet 'dispatcherServlet': initialization started
INFO 2018-01-07 10:53:50,873 [http-nio-9090-exec-1]  o.s.w.s.DispatcherServlet.initServletBean 513 :FrameworkServlet 'dispatcherServlet': initialization completed in 3 ms
INFO 2018-01-07 10:54:31,141 [Thread-16]  o.s.b.w.s.c.AnnotationConfigServletWebServerApplicationContext.doClose 989 :Closing org.springframework.boot.web.servlet.context.AnnotationConfigServletWebServerApplicationContext@1db3011c: startup date [Sun Jan 07 10:53:41 CST 2018]; root of context hierarchy
INFO 2018-01-07 10:54:31,143 [Thread-16]  o.s.j.e.a.AnnotationMBeanExporter.destroy 452 :Unregistering JMX-exposed beans on shutdown
INFO 2018-01-07 10:54:31,426 [restartedMain]  c.b.s.c.Ch7Application.logStarting 48 :Starting Ch7Application on LAPTOP-HERAQ9KV with PID 18820 (E:\code-other\Spring-Boot-2.0-Samples\7_config\ch7.config\target\classes started by leosu in E:\code-other\Spring-Boot-2.0-Samples\7_config\ch7.config)
DEBUG 2018-01-07 10:54:31,427 [restartedMain]  c.b.s.c.Ch7Application.logStarting 51 :Running with Spring Boot v2.0.0.M7, Spring v5.0.2.RELEASE
INFO 2018-01-07 10:54:31,427 [restartedMain]  c.b.s.c.Ch7Application.logStartupProfileInfo 651 :No active profile set, falling back to default profiles: default
INFO 2018-01-07 10:54:31,429 [restartedMain]  o.s.b.w.s.c.AnnotationConfigServletWebServerApplicationContext.prepareRefresh 589 :Refreshing org.springframework.boot.web.servlet.context.AnnotationConfigServletWebServerApplicationContext@3c35e00f: startup date [Sun Jan 07 10:54:31 CST 2018]; root of context hierarchy
INFO 2018-01-07 10:54:31,669 [restartedMain]  o.h.v.i.e.ValidatorFactoryImpl.getTemporalValidationTolerance 575 :HV000238: Temporal validation tolerance set to 0.
INFO 2018-01-07 10:54:31,719 [restartedMain]  o.s.b.w.e.t.TomcatWebServer.initialize 89 :Tomcat initialized with port(s): 9090 (http)
INFO 2018-01-07 10:54:31,720 [restartedMain]  o.a.c.c.StandardService.log 179 :Starting service [Tomcat]
INFO 2018-01-07 10:54:31,721 [restartedMain]  o.a.c.c.StandardEngine.log 179 :Starting Servlet Engine: Apache Tomcat/8.5.23
INFO 2018-01-07 10:54:31,736 [localhost-startStop-1]  o.a.c.c.C.[.[.[/config].log 179 :Initializing Spring embedded WebApplicationContext
INFO 2018-01-07 10:54:31,736 [localhost-startStop-1]  o.s.w.c.ContextLoader.prepareWebApplicationContext 283 :Root WebApplicationContext: initialization completed in 307 ms
INFO 2018-01-07 10:54:31,758 [localhost-startStop-1]  o.s.b.w.s.ServletRegistrationBean.onStartup 191 :Mapping servlet: 'dispatcherServlet' to [/]
INFO 2018-01-07 10:54:31,759 [localhost-startStop-1]  o.s.b.w.s.FilterRegistrationBean.configure 251 :Mapping filter: 'characterEncodingFilter' to: [/*]
INFO 2018-01-07 10:54:31,760 [localhost-startStop-1]  o.s.b.w.s.FilterRegistrationBean.configure 251 :Mapping filter: 'hiddenHttpMethodFilter' to: [/*]
INFO 2018-01-07 10:54:31,760 [localhost-startStop-1]  o.s.b.w.s.FilterRegistrationBean.configure 251 :Mapping filter: 'httpPutFormContentFilter' to: [/*]
INFO 2018-01-07 10:54:31,760 [localhost-startStop-1]  o.s.b.w.s.FilterRegistrationBean.configure 251 :Mapping filter: 'requestContextFilter' to: [/*]
INFO 2018-01-07 10:54:31,804 [restartedMain]  o.h.v.i.e.ValidatorFactoryImpl.getTemporalValidationTolerance 575 :HV000238: Temporal validation tolerance set to 0.
INFO 2018-01-07 10:54:31,844 [restartedMain]  o.s.w.s.m.m.a.RequestMappingHandlerAdapter.initControllerAdviceCache 568 :Looking for @ControllerAdvice: org.springframework.boot.web.servlet.context.AnnotationConfigServletWebServerApplicationContext@3c35e00f: startup date [Sun Jan 07 10:54:31 CST 2018]; root of context hierarchy
INFO 2018-01-07 10:54:31,849 [restartedMain]  o.s.w.s.m.m.a.RequestMappingHandlerMapping.register 549 :Mapped "{[/showvalue.html]}" onto public java.lang.String com.bee.sample.ch7.controller.PropertyController.value(int)
INFO 2018-01-07 10:54:31,850 [restartedMain]  o.s.w.s.m.m.a.RequestMappingHandlerMapping.register 549 :Mapped "{[/showserver.html]}" onto public java.lang.String com.bee.sample.ch7.controller.PropertyController.value()
INFO 2018-01-07 10:54:31,850 [restartedMain]  o.s.w.s.m.m.a.RequestMappingHandlerMapping.register 549 :Mapped "{[/showenv.html]}" onto public java.lang.String com.bee.sample.ch7.controller.PropertyController.env()
INFO 2018-01-07 10:54:31,850 [restartedMain]  o.s.w.s.m.m.a.RequestMappingHandlerMapping.register 549 :Mapped "{[/sayhello.html]}" onto public java.lang.String com.bee.sample.ch7.controller.PropertyController.say()
INFO 2018-01-07 10:54:31,853 [restartedMain]  o.s.w.s.m.m.a.RequestMappingHandlerMapping.register 549 :Mapped "{[/error]}" onto public org.springframework.http.ResponseEntity<java.util.Map<java.lang.String, java.lang.Object>> org.springframework.boot.autoconfigure.web.servlet.error.BasicErrorController.error(javax.servlet.http.HttpServletRequest)
INFO 2018-01-07 10:54:31,853 [restartedMain]  o.s.w.s.m.m.a.RequestMappingHandlerMapping.register 549 :Mapped "{[/error],produces=[text/html]}" onto public org.springframework.web.servlet.ModelAndView org.springframework.boot.autoconfigure.web.servlet.error.BasicErrorController.errorHtml(javax.servlet.http.HttpServletRequest,javax.servlet.http.HttpServletResponse)
INFO 2018-01-07 10:54:31,863 [restartedMain]  o.s.w.s.h.SimpleUrlHandlerMapping.registerHandler 373 :Mapped URL path [/webjars/**] onto handler of type [class org.springframework.web.servlet.resource.ResourceHttpRequestHandler]
INFO 2018-01-07 10:54:31,863 [restartedMain]  o.s.w.s.h.SimpleUrlHandlerMapping.registerHandler 373 :Mapped URL path [/**] onto handler of type [class org.springframework.web.servlet.resource.ResourceHttpRequestHandler]
INFO 2018-01-07 10:54:31,873 [restartedMain]  o.s.w.s.h.SimpleUrlHandlerMapping.registerHandler 373 :Mapped URL path [/**/favicon.ico] onto handler of type [class org.springframework.web.servlet.resource.ResourceHttpRequestHandler]
INFO 2018-01-07 10:54:31,902 [restartedMain]  o.s.b.a.w.s.WelcomePageHandlerMapping.<init> 52 :Adding welcome page: class path resource [static/index.html]
INFO 2018-01-07 10:54:31,936 [restartedMain]  o.s.b.d.a.OptionalLiveReloadServer.startServer 57 :LiveReload server is running on port 35729
INFO 2018-01-07 10:54:32,004 [restartedMain]  o.s.j.e.a.AnnotationMBeanExporter.afterSingletonsInstantiated 434 :Registering beans for JMX exposure on startup
INFO 2018-01-07 10:54:32,014 [restartedMain]  o.s.b.w.e.t.TomcatWebServer.start 197 :Tomcat started on port(s): 9090 (http) with context path '/config'
INFO 2018-01-07 10:54:32,015 [restartedMain]  o.s.b.d.a.ConditionEvaluationDeltaLoggingListener.onApplicationEvent 54 :Condition evaluation unchanged
INFO 2018-01-07 10:54:32,016 [restartedMain]  c.b.s.c.Ch7Application.logStarted 57 :Started Ch7Application in 0.611 seconds (JVM running for 3854.872)
INFO 2018-01-07 10:54:36,623 [http-nio-9090-exec-1]  o.a.c.c.C.[.[.[/config].log 179 :Initializing Spring FrameworkServlet 'dispatcherServlet'
INFO 2018-01-07 10:54:36,623 [http-nio-9090-exec-1]  o.s.w.s.DispatcherServlet.initServletBean 494 :FrameworkServlet 'dispatcherServlet': initialization started
INFO 2018-01-07 10:54:36,626 [http-nio-9090-exec-1]  o.s.w.s.DispatcherServlet.initServletBean 513 :FrameworkServlet 'dispatcherServlet': initialization completed in 2 ms
INFO 2018-01-07 11:15:56,784 [Thread-22]  o.s.b.w.s.c.AnnotationConfigServletWebServerApplicationContext.doClose 989 :Closing org.springframework.boot.web.servlet.context.AnnotationConfigServletWebServerApplicationContext@3c35e00f: startup date [Sun Jan 07 10:54:31 CST 2018]; root of context hierarchy
INFO 2018-01-07 11:15:56,787 [Thread-22]  o.s.j.e.a.AnnotationMBeanExporter.destroy 452 :Unregistering JMX-exposed beans on shutdown
INFO 2018-01-07 11:15:57,229 [restartedMain]  c.b.s.c.Ch7Application.logStarting 48 :Starting Ch7Application on LAPTOP-HERAQ9KV with PID 18820 (E:\code-other\Spring-Boot-2.0-Samples\7_config\ch7.config\target\classes started by leosu in E:\code-other\Spring-Boot-2.0-Samples\7_config\ch7.config)
DEBUG 2018-01-07 11:15:57,230 [restartedMain]  c.b.s.c.Ch7Application.logStarting 51 :Running with Spring Boot v2.0.0.M7, Spring v5.0.2.RELEASE
INFO 2018-01-07 11:15:57,230 [restartedMain]  c.b.s.c.Ch7Application.logStartupProfileInfo 651 :No active profile set, falling back to default profiles: default
INFO 2018-01-07 11:15:57,232 [restartedMain]  o.s.b.w.s.c.AnnotationConfigServletWebServerApplicationContext.prepareRefresh 589 :Refreshing org.springframework.boot.web.servlet.context.AnnotationConfigServletWebServerApplicationContext@9f4e707: startup date [Sun Jan 07 11:15:57 CST 2018]; root of context hierarchy
INFO 2018-01-07 11:15:57,665 [restartedMain]  o.h.v.i.e.ValidatorFactoryImpl.getTemporalValidationTolerance 575 :HV000238: Temporal validation tolerance set to 0.
INFO 2018-01-07 11:15:57,760 [restartedMain]  o.s.b.w.e.t.TomcatWebServer.initialize 89 :Tomcat initialized with port(s): 9090 (http)
INFO 2018-01-07 11:15:57,761 [restartedMain]  o.a.c.c.StandardService.log 179 :Starting service [Tomcat]
INFO 2018-01-07 11:15:57,761 [restartedMain]  o.a.c.c.StandardEngine.log 179 :Starting Servlet Engine: Apache Tomcat/8.5.23
INFO 2018-01-07 11:15:57,850 [localhost-startStop-1]  o.a.c.c.C.[.[.[/config].log 179 :Initializing Spring embedded WebApplicationContext
INFO 2018-01-07 11:15:57,851 [localhost-startStop-1]  o.s.w.c.ContextLoader.prepareWebApplicationContext 283 :Root WebApplicationContext: initialization completed in 619 ms
INFO 2018-01-07 11:15:57,922 [localhost-startStop-1]  o.s.b.w.s.ServletRegistrationBean.onStartup 191 :Mapping servlet: 'dispatcherServlet' to [/]
INFO 2018-01-07 11:15:57,923 [localhost-startStop-1]  o.s.b.w.s.FilterRegistrationBean.configure 251 :Mapping filter: 'characterEncodingFilter' to: [/*]
INFO 2018-01-07 11:15:57,924 [localhost-startStop-1]  o.s.b.w.s.FilterRegistrationBean.configure 251 :Mapping filter: 'hiddenHttpMethodFilter' to: [/*]
INFO 2018-01-07 11:15:57,925 [localhost-startStop-1]  o.s.b.w.s.FilterRegistrationBean.configure 251 :Mapping filter: 'httpPutFormContentFilter' to: [/*]
INFO 2018-01-07 11:15:57,925 [localhost-startStop-1]  o.s.b.w.s.FilterRegistrationBean.configure 251 :Mapping filter: 'requestContextFilter' to: [/*]
INFO 2018-01-07 11:15:57,995 [restartedMain]  o.h.v.i.e.ValidatorFactoryImpl.getTemporalValidationTolerance 575 :HV000238: Temporal validation tolerance set to 0.
INFO 2018-01-07 11:15:58,068 [restartedMain]  o.s.w.s.m.m.a.RequestMappingHandlerAdapter.initControllerAdviceCache 568 :Looking for @ControllerAdvice: org.springframework.boot.web.servlet.context.AnnotationConfigServletWebServerApplicationContext@9f4e707: startup date [Sun Jan 07 11:15:57 CST 2018]; root of context hierarchy
INFO 2018-01-07 11:15:58,076 [restartedMain]  o.s.w.s.m.m.a.RequestMappingHandlerMapping.register 549 :Mapped "{[/showvalue.html]}" onto public java.lang.String com.bee.sample.ch7.controller.PropertyController.value(int)
INFO 2018-01-07 11:15:58,076 [restartedMain]  o.s.w.s.m.m.a.RequestMappingHandlerMapping.register 549 :Mapped "{[/showserver.html]}" onto public java.lang.String com.bee.sample.ch7.controller.PropertyController.value()
INFO 2018-01-07 11:15:58,077 [restartedMain]  o.s.w.s.m.m.a.RequestMappingHandlerMapping.register 549 :Mapped "{[/showenv.html]}" onto public java.lang.String com.bee.sample.ch7.controller.PropertyController.env()
INFO 2018-01-07 11:15:58,077 [restartedMain]  o.s.w.s.m.m.a.RequestMappingHandlerMapping.register 549 :Mapped "{[/sayhello.html]}" onto public java.lang.String com.bee.sample.ch7.controller.PropertyController.say()
INFO 2018-01-07 11:15:58,080 [restartedMain]  o.s.w.s.m.m.a.RequestMappingHandlerMapping.register 549 :Mapped "{[/error]}" onto public org.springframework.http.ResponseEntity<java.util.Map<java.lang.String, java.lang.Object>> org.springframework.boot.autoconfigure.web.servlet.error.BasicErrorController.error(javax.servlet.http.HttpServletRequest)
INFO 2018-01-07 11:15:58,080 [restartedMain]  o.s.w.s.m.m.a.RequestMappingHandlerMapping.register 549 :Mapped "{[/error],produces=[text/html]}" onto public org.springframework.web.servlet.ModelAndView org.springframework.boot.autoconfigure.web.servlet.error.BasicErrorController.errorHtml(javax.servlet.http.HttpServletRequest,javax.servlet.http.HttpServletResponse)
INFO 2018-01-07 11:15:58,100 [restartedMain]  o.s.w.s.h.SimpleUrlHandlerMapping.registerHandler 373 :Mapped URL path [/webjars/**] onto handler of type [class org.springframework.web.servlet.resource.ResourceHttpRequestHandler]
INFO 2018-01-07 11:15:58,101 [restartedMain]  o.s.w.s.h.SimpleUrlHandlerMapping.registerHandler 373 :Mapped URL path [/**] onto handler of type [class org.springframework.web.servlet.resource.ResourceHttpRequestHandler]
INFO 2018-01-07 11:15:58,179 [restartedMain]  o.s.w.s.h.SimpleUrlHandlerMapping.registerHandler 373 :Mapped URL path [/**/favicon.ico] onto handler of type [class org.springframework.web.servlet.resource.ResourceHttpRequestHandler]
INFO 2018-01-07 11:15:58,194 [restartedMain]  o.s.b.a.w.s.WelcomePageHandlerMapping.<init> 52 :Adding welcome page: class path resource [static/index.html]
INFO 2018-01-07 11:15:58,237 [restartedMain]  o.s.b.d.a.OptionalLiveReloadServer.startServer 57 :LiveReload server is running on port 35729
INFO 2018-01-07 11:15:58,332 [restartedMain]  o.s.j.e.a.AnnotationMBeanExporter.afterSingletonsInstantiated 434 :Registering beans for JMX exposure on startup
INFO 2018-01-07 11:15:58,347 [restartedMain]  o.s.b.w.e.t.TomcatWebServer.start 197 :Tomcat started on port(s): 9090 (http) with context path '/config'
INFO 2018-01-07 11:15:58,349 [restartedMain]  o.s.b.d.a.ConditionEvaluationDeltaLoggingListener.onApplicationEvent 54 :Condition evaluation unchanged
INFO 2018-01-07 11:15:58,349 [restartedMain]  c.b.s.c.Ch7Application.logStarted 57 :Started Ch7Application in 1.145 seconds (JVM running for 5141.206)
INFO 2018-01-07 11:16:00,945 [http-nio-9090-exec-2]  o.a.c.c.C.[.[.[/config].log 179 :Initializing Spring FrameworkServlet 'dispatcherServlet'
INFO 2018-01-07 11:16:00,945 [http-nio-9090-exec-2]  o.s.w.s.DispatcherServlet.initServletBean 494 :FrameworkServlet 'dispatcherServlet': initialization started
INFO 2018-01-07 11:16:00,948 [http-nio-9090-exec-2]  o.s.w.s.DispatcherServlet.initServletBean 513 :FrameworkServlet 'dispatcherServlet': initialization completed in 3 ms
